<?xml version="1.0" encoding="UTF-8"?>
<testsuite name="hello.core.singleton.ConfigurationSingletonTest" tests="2" skipped="0" failures="0" errors="0" timestamp="2021-08-06T13:05:34" hostname="DESKTOP-R9L8NIQ" time="0.118">
  <properties/>
  <testcase name="configurationDeep()" classname="hello.core.singleton.ConfigurationSingletonTest" time="0.046"/>
  <testcase name="configurationTest()" classname="hello.core.singleton.ConfigurationSingletonTest" time="0.068"/>
  <system-out><![CDATA[call AppConfig.memberService
call AppConfig.memberRepository
call AppConfig.orderService
bean = class hello.core.AppConfig$$EnhancerBySpringCGLIB$$f7f1c6dc
call AppConfig.memberService
call AppConfig.memberRepository
call AppConfig.orderService
memberService -> memberRepository = hello.core.member.MemoryMemberRepository@9705be0
orderService -> memberRepository = hello.core.member.MemoryMemberRepository@9705be0
memberRepository = hello.core.member.MemoryMemberRepository@9705be0
]]></system-out>
  <system-err><![CDATA[]]></system-err>
</testsuite>
