<?xml version="1.0" encoding="UTF-8"?>
<testsuite name="hello.core.scan.filter.ComponentFilterAppConfigTest" tests="1" skipped="0" failures="0" errors="0" timestamp="2021-08-06T13:05:34" hostname="DESKTOP-R9L8NIQ" time="0.036">
  <properties/>
  <testcase name="filterScan()" classname="hello.core.scan.filter.ComponentFilterAppConfigTest" time="0.036"/>
  <system-out><![CDATA[]]></system-out>
  <system-err><![CDATA[]]></system-err>
</testsuite>
