<?xml version="1.0" encoding="UTF-8"?>
<testsuite name="hello.core.scope.SingletonTest" tests="1" skipped="0" failures="0" errors="0" timestamp="2021-08-06T13:05:34" hostname="DESKTOP-R9L8NIQ" time="0.018">
  <properties/>
  <testcase name="singletonBeanFind()" classname="hello.core.scope.SingletonTest" time="0.018"/>
  <system-out><![CDATA[SingletonBean.init
singletonBean1 = hello.core.scope.SingletonTest$SingletonBean@623b33a7
singletonBean2 = hello.core.scope.SingletonTest$SingletonBean@623b33a7
SingletonBean.destroy
]]></system-out>
  <system-err><![CDATA[]]></system-err>
</testsuite>
