<?xml version="1.0" encoding="UTF-8"?>
<testsuite name="hello.core.member.MemberServiceTest" tests="1" skipped="0" failures="0" errors="0" timestamp="2021-08-06T13:05:33" hostname="DESKTOP-R9L8NIQ" time="0.007">
  <properties/>
  <testcase name="join()" classname="hello.core.member.MemberServiceTest" time="0.007"/>
  <system-out><![CDATA[call AppConfig.memberService
call AppConfig.memberRepository
]]></system-out>
  <system-err><![CDATA[]]></system-err>
</testsuite>
