<?xml version="1.0" encoding="UTF-8"?>
<testsuite name="hello.core.singleton.SingletonTest" tests="3" skipped="0" failures="0" errors="0" timestamp="2021-08-06T13:05:34" hostname="DESKTOP-R9L8NIQ" time="0.112">
  <properties/>
  <testcase name="스프링 없는 순수한 DI 컨테이너" classname="hello.core.singleton.SingletonTest" time="0.011"/>
  <testcase name="싱글톤 패턴을 적용한 객체 사용" classname="hello.core.singleton.SingletonTest" time="0.022"/>
  <testcase name="스프링 컨테이너와 싱글톤" classname="hello.core.singleton.SingletonTest" time="0.074"/>
  <system-out><![CDATA[call AppConfig.memberService
call AppConfig.memberRepository
call AppConfig.memberService
call AppConfig.memberRepository
memberService1 = hello.core.member.MemberServiceImpl@4a23e1fc
memberService2 = hello.core.member.MemberServiceImpl@35e0fd1a
singletonService1 = hello.core.singleton.SingletonService@a5ac693
singletonService2 = hello.core.singleton.SingletonService@a5ac693
싱글톤 객체 로직 호출
call AppConfig.memberService
call AppConfig.memberRepository
call AppConfig.orderService
memberService1 = hello.core.member.MemberServiceImpl@3f2a266
memberService2 = hello.core.member.MemberServiceImpl@3f2a266
]]></system-out>
  <system-err><![CDATA[]]></system-err>
</testsuite>
