<?xml version="1.0" encoding="UTF-8"?>
<testsuite name="hello.core.scope.SingletonWithPrototypeTest1" tests="2" skipped="0" failures="0" errors="0" timestamp="2021-08-06T13:05:34" hostname="DESKTOP-R9L8NIQ" time="0.055">
  <properties/>
  <testcase name="prototypeFind()" classname="hello.core.scope.SingletonWithPrototypeTest1" time="0.022"/>
  <testcase name="singletonClientUsePrototype()" classname="hello.core.scope.SingletonWithPrototypeTest1" time="0.03"/>
  <system-out><![CDATA[PrototypeBean.init hello.core.scope.SingletonWithPrototypeTest1$PrototypeBean@782ed4b2
PrototypeBean.init hello.core.scope.SingletonWithPrototypeTest1$PrototypeBean@7c37ddc1
PrototypeBean.init hello.core.scope.SingletonWithPrototypeTest1$PrototypeBean@22e6bf93
PrototypeBean.init hello.core.scope.SingletonWithPrototypeTest1$PrototypeBean@63d3822a
]]></system-out>
  <system-err><![CDATA[]]></system-err>
</testsuite>
