<?xml version="1.0" encoding="UTF-8"?>
<testsuite name="hello.core.discount.RateDiscountPolicyTest" tests="2" skipped="0" failures="0" errors="0" timestamp="2021-08-06T13:05:33" hostname="DESKTOP-R9L8NIQ" time="0.006">
  <properties/>
  <testcase name="VIP는 10% 할인이 적용되어야 한다" classname="hello.core.discount.RateDiscountPolicyTest" time="0.003"/>
  <testcase name="VIP가 아니면 할인이 적용되지 않아야 한다" classname="hello.core.discount.RateDiscountPolicyTest" time="0.001"/>
  <system-out><![CDATA[]]></system-out>
  <system-err><![CDATA[]]></system-err>
</testsuite>
