<?xml version="1.0" encoding="UTF-8"?>
<testsuite name="hello.core.autowired.AutowiredTest" tests="1" skipped="0" failures="0" errors="0" timestamp="2021-08-06T13:05:26" hostname="DESKTOP-R9L8NIQ" time="0.08">
  <properties/>
  <testcase name="AutowiredOption()" classname="hello.core.autowired.AutowiredTest" time="0.08"/>
  <system-out><![CDATA[22:05:26.132 [Test worker] DEBUG org.springframework.context.annotation.AnnotationConfigApplicationContext - Refreshing org.springframework.context.annotation.AnnotationConfigApplicationContext@4db3bc04
22:05:26.133 [Test worker] DEBUG org.springframework.beans.factory.support.DefaultListableBeanFactory - Creating shared instance of singleton bean 'org.springframework.context.annotation.internalConfigurationAnnotationProcessor'
22:05:26.138 [Test worker] DEBUG org.springframework.beans.factory.support.DefaultListableBeanFactory - Creating shared instance of singleton bean 'org.springframework.context.event.internalEventListenerProcessor'
22:05:26.139 [Test worker] DEBUG org.springframework.beans.factory.support.DefaultListableBeanFactory - Creating shared instance of singleton bean 'org.springframework.context.event.internalEventListenerFactory'
22:05:26.140 [Test worker] DEBUG org.springframework.beans.factory.support.DefaultListableBeanFactory - Creating shared instance of singleton bean 'org.springframework.context.annotation.internalAutowiredAnnotationProcessor'
22:05:26.140 [Test worker] DEBUG org.springframework.beans.factory.support.DefaultListableBeanFactory - Creating shared instance of singleton bean 'org.springframework.context.annotation.internalCommonAnnotationProcessor'
22:05:26.144 [Test worker] DEBUG org.springframework.beans.factory.support.DefaultListableBeanFactory - Creating shared instance of singleton bean 'autowiredTest.TestBean'
noBean2 = null
noBean = Optional.empty
]]></system-out>
  <system-err><![CDATA[]]></system-err>
</testsuite>
