<?xml version="1.0" encoding="UTF-8"?>
<testsuite name="hello.core.beanfind.ApplicationContextExtendsFindTest" tests="5" skipped="0" failures="0" errors="0" timestamp="2021-08-06T13:05:26" hostname="DESKTOP-R9L8NIQ" time="0.274">
  <properties/>
  <testcase name="부모 타입으로 조회시, 자식이 둘 이상 있으면, 중복 오류가 발생한다" classname="hello.core.beanfind.ApplicationContextExtendsFindTest" time="0.005"/>
  <testcase name="부모 타입으로 모두 조회하기 - Object" classname="hello.core.beanfind.ApplicationContextExtendsFindTest" time="0.05"/>
  <testcase name="특정 하위 타입으로 조회" classname="hello.core.beanfind.ApplicationContextExtendsFindTest" time="0.002"/>
  <testcase name="부모 타입으로 조회시, 자식이 둘 이상 있으면, 빈 이름을 지정하면 된다" classname="hello.core.beanfind.ApplicationContextExtendsFindTest" time="0.004"/>
  <testcase name="부모 타입으로 모두 조회하기" classname="hello.core.beanfind.ApplicationContextExtendsFindTest" time="0.002"/>
  <system-out><![CDATA[22:05:26.806 [Test worker] DEBUG org.springframework.context.annotation.AnnotationConfigApplicationContext - Refreshing org.springframework.context.annotation.AnnotationConfigApplicationContext@557c9efc
22:05:26.809 [Test worker] DEBUG org.springframework.beans.factory.support.DefaultListableBeanFactory - Creating shared instance of singleton bean 'org.springframework.context.annotation.internalConfigurationAnnotationProcessor'
22:05:26.854 [Test worker] DEBUG org.springframework.beans.factory.support.DefaultListableBeanFactory - Creating shared instance of singleton bean 'org.springframework.context.event.internalEventListenerProcessor'
22:05:26.855 [Test worker] DEBUG org.springframework.beans.factory.support.DefaultListableBeanFactory - Creating shared instance of singleton bean 'org.springframework.context.event.internalEventListenerFactory'
22:05:26.856 [Test worker] DEBUG org.springframework.beans.factory.support.DefaultListableBeanFactory - Creating shared instance of singleton bean 'org.springframework.context.annotation.internalAutowiredAnnotationProcessor'
22:05:26.860 [Test worker] DEBUG org.springframework.beans.factory.support.DefaultListableBeanFactory - Creating shared instance of singleton bean 'org.springframework.context.annotation.internalCommonAnnotationProcessor'
22:05:26.861 [Test worker] DEBUG org.springframework.beans.factory.support.DefaultListableBeanFactory - Creating shared instance of singleton bean 'applicationContextExtendsFindTest.TestConfig'
22:05:26.865 [Test worker] DEBUG org.springframework.beans.factory.support.DefaultListableBeanFactory - Creating shared instance of singleton bean 'rateDiscountPolicy'
22:05:26.877 [Test worker] DEBUG org.springframework.beans.factory.support.DefaultListableBeanFactory - Creating shared instance of singleton bean 'fixDiscountPolicy'
22:05:26.907 [Test worker] DEBUG org.springframework.context.annotation.AnnotationConfigApplicationContext - Refreshing org.springframework.context.annotation.AnnotationConfigApplicationContext@3130ddae
22:05:26.908 [Test worker] DEBUG org.springframework.beans.factory.support.DefaultListableBeanFactory - Creating shared instance of singleton bean 'org.springframework.context.annotation.internalConfigurationAnnotationProcessor'
22:05:26.926 [Test worker] DEBUG org.springframework.beans.factory.support.DefaultListableBeanFactory - Creating shared instance of singleton bean 'org.springframework.context.event.internalEventListenerProcessor'
22:05:26.929 [Test worker] DEBUG org.springframework.beans.factory.support.DefaultListableBeanFactory - Creating shared instance of singleton bean 'org.springframework.context.event.internalEventListenerFactory'
22:05:26.931 [Test worker] DEBUG org.springframework.beans.factory.support.DefaultListableBeanFactory - Creating shared instance of singleton bean 'org.springframework.context.annotation.internalAutowiredAnnotationProcessor'
22:05:26.932 [Test worker] DEBUG org.springframework.beans.factory.support.DefaultListableBeanFactory - Creating shared instance of singleton bean 'org.springframework.context.annotation.internalCommonAnnotationProcessor'
22:05:26.936 [Test worker] DEBUG org.springframework.beans.factory.support.DefaultListableBeanFactory - Creating shared instance of singleton bean 'applicationContextExtendsFindTest.TestConfig'
22:05:26.939 [Test worker] DEBUG org.springframework.beans.factory.support.DefaultListableBeanFactory - Creating shared instance of singleton bean 'rateDiscountPolicy'
22:05:26.951 [Test worker] DEBUG org.springframework.beans.factory.support.DefaultListableBeanFactory - Creating shared instance of singleton bean 'fixDiscountPolicy'
key = org.springframework.context.annotation.internalConfigurationAnnotationProcessor value=org.springframework.context.annotation.ConfigurationClassPostProcessor@71a11c2c
key = org.springframework.context.annotation.internalAutowiredAnnotationProcessor value=org.springframework.beans.factory.annotation.AutowiredAnnotationBeanPostProcessor@7da944c0
key = org.springframework.context.annotation.internalCommonAnnotationProcessor value=org.springframework.context.annotation.CommonAnnotationBeanPostProcessor@68552299
key = org.springframework.context.event.internalEventListenerProcessor value=org.springframework.context.event.EventListenerMethodProcessor@1e91a699
key = org.springframework.context.event.internalEventListenerFactory value=org.springframework.context.event.DefaultEventListenerFactory@6728891b
key = applicationContextExtendsFindTest.TestConfig value=hello.core.beanfind.ApplicationContextExtendsFindTest$TestConfig$$EnhancerBySpringCGLIB$$2e6fc811@50904e7a
key = rateDiscountPolicy value=hello.core.discount.RateDiscountPolicy@1190ef1b
key = fixDiscountPolicy value=hello.core.discount.FixDiscountPolicy@22626de
key = environment value=StandardEnvironment {activeProfiles=[], defaultProfiles=[default], propertySources=[PropertiesPropertySource@560273360 {name='systemProperties', properties={sun.desktop=windows, awt.toolkit=sun.awt.windows.WToolkit, java.specification.version=11, sun.cpu.isalist=amd64, sun.jnu.encoding=MS949, org.gradle.test.worker=2, java.class.path=C:\Users\KCH\.gradle\caches\7.1.1\workerMain\gradle-worker.jar;C:\Users\KCH\Desktop\공부\스프링 핵심 원리\core\build\classes\java\test;C:\Users\KCH\Desktop\공부\스프링 핵심 원리\core\build\resources\test;C:\Users\KCH\Desktop\공부\스프링 핵심 원리\core\build\classes\java\main;C:\Users\KCH\Desktop\공부\스프링 핵심 원리\core\build\resources\main;C:\Users\KCH\.gradle\caches\modules-2\files-2.1\org.springframework.boot\spring-boot-starter-web\2.5.2\9d68318f6607728e253030aa145e529bae9b0883\spring-boot-starter-web-2.5.2.jar;C:\Users\KCH\.gradle\caches\modules-2\files-2.1\org.springframework.boot\spring-boot-starter-test\2.5.2\226e09262316b1ff101797346b2ca56432880353\spring-boot-starter-test-2.5.2.jar;C:\Users\KCH\.gradle\caches\modules-2\files-2.1\org.springframework.boot\spring-boot-starter-json\2.5.2\6af2e2d4fcf02fcda700dbbcd4643e78d31bcc8c\spring-boot-starter-json-2.5.2.jar;C:\Users\KCH\.gradle\caches\modules-2\files-2.1\org.springframework.boot\spring-boot-starter\2.5.2\5aa5345f60cd3fbca331c05015e0700553448d66\spring-boot-starter-2.5.2.jar;C:\Users\KCH\.gradle\caches\modules-2\files-2.1\javax.inject\javax.inject\1\6975da39a7040257bd51d21a231b76c915872d38\javax.inject-1.jar;C:\Users\KCH\.gradle\caches\modules-2\files-2.1\org.springframework.boot\spring-boot-test-autoconfigure\2.5.2\223f1311f59eecfd24980f9776bb39e1fef92c0e\spring-boot-test-autoconfigure-2.5.2.jar;C:\Users\KCH\.gradle\caches\modules-2\files-2.1\org.springframework.boot\spring-boot-autoconfigure\2.5.2\aa924c5d0d375f4b2b66f211704c24d40a7e647b\spring-boot-autoconfigure-2.5.2.jar;C:\Users\KCH\.gradle\caches\modules-2\files-2.1\org.springframework.boot\spring-boot-test\2.5.2\477509ac730e2fb8fe67c0d9f2d0bca21c4316df\spring-boot-test-2.5.2.jar;C:\Users\KCH\.gradle\caches\modules-2\files-2.1\org.springframework.boot\spring-boot\2.5.2\bd6dc87b5ad870dbf635d0c7d9a3006666c9e797\spring-boot-2.5.2.jar;C:\Users\KCH\.gradle\caches\modules-2\files-2.1\org.springframework.boot\spring-boot-starter-logging\2.5.2\8b94a1e350f68f8c3a7de6460e5691a84c8c157d\spring-boot-starter-logging-2.5.2.jar;C:\Users\KCH\.gradle\caches\modules-2\files-2.1\org.springframework.boot\spring-boot-starter-tomcat\2.5.2\ed7d2ef9efef6145bdc8c9c4dd1790f51673f27d\spring-boot-starter-tomcat-2.5.2.jar;C:\Users\KCH\.gradle\caches\modules-2\files-2.1\jakarta.annotation\jakarta.annotation-api\1.3.5\59eb84ee0d616332ff44aba065f3888cf002cd2d\jakarta.annotation-api-1.3.5.jar;C:\Users\KCH\.gradle\caches\modules-2\files-2.1\org.springframework\spring-webmvc\5.3.8\2cfa5e12bf103e2c82db78ce198e455dab456465\spring-webmvc-5.3.8.jar;C:\Users\KCH\.gradle\caches\modules-2\files-2.1\org.springframework\spring-web\5.3.8\daa288e67b0f2e09a033500d5ce8406677c5045c\spring-web-5.3.8.jar;C:\Users\KCH\.gradle\caches\modules-2\files-2.1\org.springframework\spring-test\5.3.8\4ce3ee7725d4ecd13b5c52d67bb0a76173f8a34d\spring-test-5.3.8.jar;C:\Users\KCH\.gradle\caches\modules-2\files-2.1\org.springframework\spring-context\5.3.8\c367a05423e963c222e38a6a88b97d44de3880ca\spring-context-5.3.8.jar;C:\Users\KCH\.gradle\caches\modules-2\files-2.1\org.springframework\spring-aop\5.3.8\1377f80f938b1fc7eabe9e6c4f6895e77e3bec40\spring-aop-5.3.8.jar;C:\Users\KCH\.gradle\caches\modules-2\files-2.1\org.springframework\spring-beans\5.3.8\3d66fed1eebfcd119efcabc6218c813700a21ed\spring-beans-5.3.8.jar;C:\Users\KCH\.gradle\caches\modules-2\files-2.1\org.springframework\spring-expression\5.3.8\8a14547b76cbae3aeb02739e5b38e71835a6bbd8\spring-expression-5.3.8.jar;C:\Users\KCH\.gradle\caches\modules-2\files-2.1\org.springframework\spring-core\5.3.8\da9b87dacaa5bbf80fad0f7b483988372a00a152\spring-core-5.3.8.jar;C:\Users\KCH\.gradle\caches\modules-2\files-2.1\org.yaml\snakeyaml\1.28\7cae037c3014350c923776548e71c9feb7a69259\snakeyaml-1.28.jar;C:\Users\KCH\.gradle\caches\modules-2\files-2.1\com.jayway.jsonpath\json-path\2.5.0\c35ef29095125b51638d19120f63e2b56eff20e9\json-path-2.5.0.jar;C:\Users\KCH\.gradle\caches\modules-2\files-2.1\jakarta.xml.bind\jakarta.xml.bind-api\2.3.3\48e3b9cfc10752fba3521d6511f4165bea951801\jakarta.xml.bind-api-2.3.3.jar;C:\Users\KCH\.gradle\caches\modules-2\files-2.1\org.assertj\assertj-core\3.19.0\f64cb5690b85e68d5e1e6c6152bfb6e3840a452d\assertj-core-3.19.0.jar;C:\Users\KCH\.gradle\caches\modules-2\files-2.1\org.hamcrest\hamcrest\2.2\1820c0968dba3a11a1b30669bb1f01978a91dedc\hamcrest-2.2.jar;C:\Users\KCH\.gradle\caches\modules-2\files-2.1\org.mockito\mockito-junit-jupiter\3.9.0\871745ab6af5a269411ea3c1f99ced82ed079436\mockito-junit-jupiter-3.9.0.jar;C:\Users\KCH\.gradle\caches\modules-2\files-2.1\org.junit.jupiter\junit-jupiter-params\5.7.2\685f832f8c54dd40100f646d61aca88ed9545421\junit-jupiter-params-5.7.2.jar;C:\Users\KCH\.gradle\caches\modules-2\files-2.1\org.junit.jupiter\junit-jupiter-engine\5.7.2\9415680a889f00b8205a094c5c487bc69dc7077d\junit-jupiter-engine-5.7.2.jar;C:\Users\KCH\.gradle\caches\modules-2\files-2.1\org.junit.jupiter\junit-jupiter-api\5.7.2\f4b4079732a9c537983324cfa4e46655f21d2c56\junit-jupiter-api-5.7.2.jar;C:\Users\KCH\.gradle\caches\modules-2\files-2.1\org.junit.platform\junit-platform-engine\1.7.2\2573770b46b8a199ed5f6b0f96fb99e468bfe891\junit-platform-engine-1.7.2.jar;C:\Users\KCH\.gradle\caches\modules-2\files-2.1\org.junit.platform\junit-platform-commons\1.7.2\34adfea6c13fc4a996cf38cdad80800ce850d198\junit-platform-commons-1.7.2.jar;C:\Users\KCH\.gradle\caches\modules-2\files-2.1\org.junit.jupiter\junit-jupiter\5.7.2\62faa742964a9d8dab8fdb4a0eab7b01441c171f\junit-jupiter-5.7.2.jar;C:\Users\KCH\.gradle\caches\modules-2\files-2.1\org.mockito\mockito-core\3.9.0\b7573430aea743b26434b44f4f46272af613e660\mockito-core-3.9.0.jar;C:\Users\KCH\.gradle\caches\modules-2\files-2.1\org.skyscreamer\jsonassert\1.5.0\6c9d5fe2f59da598d9aefc1cfc6528ff3cf32df3\jsonassert-1.5.0.jar;C:\Users\KCH\.gradle\caches\modules-2\files-2.1\org.xmlunit\xmlunit-core\2.8.2\8e4e46b87afaaf9b6cfb8de778e473cf7aeb087f\xmlunit-core-2.8.2.jar;C:\Users\KCH\.gradle\caches\modules-2\files-2.1\ch.qos.logback\logback-classic\1.2.3\7c4f3c474fb2c041d8028740440937705ebb473a\logback-classic-1.2.3.jar;C:\Users\KCH\.gradle\caches\modules-2\files-2.1\org.apache.logging.log4j\log4j-to-slf4j\2.14.1\ce8a86a3f50a4304749828ce68e7478cafbc8039\log4j-to-slf4j-2.14.1.jar;C:\Users\KCH\.gradle\caches\modules-2\files-2.1\org.slf4j\jul-to-slf4j\1.7.31\f9ff62d83a25a94c1619de06d4015e2797bc849c\jul-to-slf4j-1.7.31.jar;C:\Users\KCH\.gradle\caches\modules-2\files-2.1\org.springframework\spring-jcl\5.3.8\a143c8618eb2be8674c3cf132d9a5c953bb5488\spring-jcl-5.3.8.jar;C:\Users\KCH\.gradle\caches\modules-2\files-2.1\com.fasterxml.jackson.datatype\jackson-datatype-jsr310\2.12.3\f69c636438dcf19c49960c1fe8901320ab85f989\jackson-datatype-jsr310-2.12.3.jar;C:\Users\KCH\.gradle\caches\modules-2\files-2.1\com.fasterxml.jackson.module\jackson-module-parameter-names\2.12.3\592a882beaf1bd57b8fe960b937a2706b090b4d7\jackson-module-parameter-names-2.12.3.jar;C:\Users\KCH\.gradle\caches\modules-2\files-2.1\com.fasterxml.jackson.core\jackson-annotations\2.12.3\7275513412694a1aafd08c0287f48469fa0e6e17\jackson-annotations-2.12.3.jar;C:\Users\KCH\.gradle\caches\modules-2\files-2.1\com.fasterxml.jackson.core\jackson-core\2.12.3\deb23fe2a7f2b773e18ced2b50d4acc1df8fa366\jackson-core-2.12.3.jar;C:\Users\KCH\.gradle\caches\modules-2\files-2.1\com.fasterxml.jackson.datatype\jackson-datatype-jdk8\2.12.3\77424ea087313312e308dae5ff8445608aabb5e1\jackson-datatype-jdk8-2.12.3.jar;C:\Users\KCH\.gradle\caches\modules-2\files-2.1\com.fasterxml.jackson.core\jackson-databind\2.12.3\d6153f8fc60c479ab0f9efb35c034526436a4953\jackson-databind-2.12.3.jar;C:\Users\KCH\.gradle\caches\modules-2\files-2.1\org.apache.tomcat.embed\tomcat-embed-websocket\9.0.48\a34e3133ec3d61f4c2faa30476c4b43cc6385dd6\tomcat-embed-websocket-9.0.48.jar;C:\Users\KCH\.gradle\caches\modules-2\files-2.1\org.apache.tomcat.embed\tomcat-embed-core\9.0.48\f112cd2380d8215e22ac40aff128a1b6daa2f0ac\tomcat-embed-core-9.0.48.jar;C:\Users\KCH\.gradle\caches\modules-2\files-2.1\org.apache.tomcat.embed\tomcat-embed-el\9.0.48\c46a092831493ccf65674cb19235625853ceb3d4\tomcat-embed-el-9.0.48.jar;C:\Users\KCH\.gradle\caches\modules-2\files-2.1\net.minidev\json-smart\2.4.7\8d7f4c1530c07c54930935f3da85f48b83b3c109\json-smart-2.4.7.jar;C:\Users\KCH\.gradle\caches\modules-2\files-2.1\org.slf4j\slf4j-api\1.7.31\9545c9cb71de4c18d97a91e32ef0be6f3f6661b7\slf4j-api-1.7.31.jar;C:\Users\KCH\.gradle\caches\modules-2\files-2.1\jakarta.activation\jakarta.activation-api\1.2.2\99f53adba383cb1bf7c3862844488574b559621f\jakarta.activation-api-1.2.2.jar;C:\Users\KCH\.gradle\caches\modules-2\files-2.1\net.bytebuddy\byte-buddy\1.10.22\ef45d7e2cd1c600d279704f492ed5ce2ceb6cdb5\byte-buddy-1.10.22.jar;C:\Users\KCH\.gradle\caches\modules-2\files-2.1\net.bytebuddy\byte-buddy-agent\1.10.22\b01df6b71a882b9fde5a608a26e641cd399a4d83\byte-buddy-agent-1.10.22.jar;C:\Users\KCH\.gradle\caches\modules-2\files-2.1\org.objenesis\objenesis\3.2\7fadf57620c8b8abdf7519533e5527367cb51f09\objenesis-3.2.jar;C:\Users\KCH\.gradle\caches\modules-2\files-2.1\com.vaadin.external.google\android-json\0.0.20131108.vaadin1\fa26d351fe62a6a17f5cda1287c1c6110dec413f\android-json-0.0.20131108.vaadin1.jar;C:\Users\KCH\.gradle\caches\modules-2\files-2.1\ch.qos.logback\logback-core\1.2.3\864344400c3d4d92dfeb0a305dc87d953677c03c\logback-core-1.2.3.jar;C:\Users\KCH\.gradle\caches\modules-2\files-2.1\org.apache.logging.log4j\log4j-api\2.14.1\cd8858fbbde69f46bce8db1152c18a43328aae78\log4j-api-2.14.1.jar;C:\Users\KCH\.gradle\caches\modules-2\files-2.1\net.minidev\accessors-smart\2.4.7\3970cfc505e6657ca60f3aa57c849f6043000d7a\accessors-smart-2.4.7.jar;C:\Users\KCH\.gradle\caches\modules-2\files-2.1\org.apiguardian\apiguardian-api\1.1.0\fc9dff4bb36d627bdc553de77e1f17efd790876c\apiguardian-api-1.1.0.jar;C:\Users\KCH\.gradle\caches\modules-2\files-2.1\org.opentest4j\opentest4j\1.2.0\28c11eb91f9b6d8e200631d46e20a7f407f2a046\opentest4j-1.2.0.jar;C:\Users\KCH\.gradle\caches\modules-2\files-2.1\org.ow2.asm\asm\9.1\a99500cf6eea30535eeac6be73899d048f8d12a8\asm-9.1.jar, java.vm.vendor=Oracle Corporation, sun.arch.data.model=64, user.variant=, java.vendor.url=https://openjdk.java.net/, user.timezone=Asia/Seoul, os.name=Windows 10, java.vm.specification.version=11, user.country=KR, sun.java.launcher=SUN_STANDARD, sun.boot.library.path=C:\Program Files\Java\jdk-11.0.11\bin, sun.java.command=worker.org.gradle.process.internal.worker.GradleWorkerMain 'Gradle Test Executor 2', jdk.debug=release, sun.cpu.endian=little, user.home=C:\Users\KCH, user.language=ko, java.specification.vendor=Oracle Corporation, org.gradle.native=false, java.version.date=2021-04-20, java.home=C:\Program Files\Java\jdk-11.0.11, file.separator=\, java.vm.compressedOopsMode=32-bit, line.separator=
, java.specification.name=Java Platform API Specification, java.vm.specification.vendor=Oracle Corporation, java.awt.graphicsenv=sun.awt.Win32GraphicsEnvironment, user.script=, sun.management.compiler=HotSpot 64-Bit Tiered Compilers, java.runtime.version=11.0.11+9-LTS-194, user.name=KCH, path.separator=;, os.version=10.0, java.runtime.name=Java(TM) SE Runtime Environment, file.encoding=x-windows-949, java.vm.name=Java HotSpot(TM) 64-Bit Server VM, java.vendor.version=18.9, java.vendor.url.bug=https://bugreport.java.com/bugreport/, java.io.tmpdir=C:\Users\KCH\AppData\Local\Temp\, java.version=11.0.11, user.dir=C:\Users\KCH\Desktop\공부\스프링 핵심 원리\core, os.arch=amd64, java.vm.specification.name=Java Virtual Machine Specification, java.awt.printerjob=sun.awt.windows.WPrinterJob, sun.os.patch.level=, org.gradle.internal.worker.tmpdir=C:\Users\KCH\Desktop\공부\스프링 핵심 원리\core\build\tmp\test\work, java.library.path=C:\Program Files\Java\jdk-11.0.11\bin;C:\Windows\Sun\Java\bin;C:\Windows\system32;C:\Windows;C:\Program Files (x86)\VMware\VMware Player\bin\;C:\Windows\system32;C:\Windows;C:\Windows\System32\Wbem;C:\Windows\System32\WindowsPowerShell\v1.0\;C:\Windows\System32\OpenSSH\;C:\Program Files\nodejs\;C:\Program Files\Git\cmd;C:\Program Files\Java\jdk-11.0.11\bin;C:\MinGW\bin;C:\Program Files (x86)\PuTTY\;C:\Users\KCH\AppData\Local\Microsoft\WindowsApps;C:\Program Files\Bandizip\;C:\Users\KCH\AppData\Local\Programs\Microsoft VS Code\bin;C:\Users\KCH\AppData\Roaming\npm;C:\Program Files\JetBrains\PyCharm 2021.1.1\bin;;C:\Program Files\JetBrains\IntelliJ IDEA 2021.1\bin;;., java.vendor=Oracle Corporation, java.vm.info=mixed mode, java.vm.version=11.0.11+9-LTS-194, sun.io.unicode.encoding=UnicodeLittle, java.class.version=55.0}}, SystemEnvironmentPropertySource@1934913048 {name='systemEnvironment', properties={USERDOMAIN_ROAMINGPROFILE=DESKTOP-R9L8NIQ, LOCALAPPDATA=C:\Users\KCH\AppData\Local, PROCESSOR_LEVEL=6, IntelliJ IDEA=C:\Program Files\JetBrains\IntelliJ IDEA 2021.1\bin;, USERDOMAIN=DESKTOP-R9L8NIQ, FPS_BROWSER_APP_PROFILE_STRING=Internet Explorer, LOGONSERVER=\\DESKTOP-R9L8NIQ, JAVA_HOME=C:\Program Files\Java\jdk-11.0.11, SESSIONNAME=Console, ALLUSERSPROFILE=C:\ProgramData, PROCESSOR_ARCHITECTURE=AMD64, PSModulePath=C:\Program Files\WindowsPowerShell\Modules;C:\Windows\system32\WindowsPowerShell\v1.0\Modules, SystemDrive=C:, OneDrive=C:\Users\KCH\OneDrive, APPDATA=C:\Users\KCH\AppData\Roaming, USERNAME=KCH, ProgramFiles(x86)=C:\Program Files (x86), VBOX_MSI_INSTALL_PATH=C:\Program Files\Oracle\VirtualBox\, CommonProgramFiles=C:\Program Files\Common Files, Path=C:\Program Files (x86)\VMware\VMware Player\bin\;C:\Windows\system32;C:\Windows;C:\Windows\System32\Wbem;C:\Windows\System32\WindowsPowerShell\v1.0\;C:\Windows\System32\OpenSSH\;C:\Program Files\nodejs\;C:\Program Files\Git\cmd;C:\Program Files\Java\jdk-11.0.11\bin;C:\MinGW\bin;C:\Program Files (x86)\PuTTY\;C:\Users\KCH\AppData\Local\Microsoft\WindowsApps;C:\Program Files\Bandizip\;C:\Users\KCH\AppData\Local\Programs\Microsoft VS Code\bin;C:\Users\KCH\AppData\Roaming\npm;C:\Program Files\JetBrains\PyCharm 2021.1.1\bin;;C:\Program Files\JetBrains\IntelliJ IDEA 2021.1\bin;, FPS_BROWSER_USER_PROFILE_STRING=Default, PATHEXT=.COM;.EXE;.BAT;.CMD;.VBS;.VBE;.JS;.JSE;.WSF;.WSH;.MSC, PyCharm=C:\Program Files\JetBrains\PyCharm 2021.1.1\bin;, DriverData=C:\Windows\System32\Drivers\DriverData, OS=Windows_NT, COMPUTERNAME=DESKTOP-R9L8NIQ, PROCESSOR_REVISION=3a09, CommonProgramW6432=C:\Program Files\Common Files, ComSpec=C:\Windows\system32\cmd.exe, ProgramData=C:\ProgramData, ProgramW6432=C:\Program Files, HOMEPATH=\Users\KCH, SystemRoot=C:\Windows, TEMP=C:\Users\KCH\AppData\Local\Temp, HOMEDRIVE=C:, PROCESSOR_IDENTIFIER=Intel64 Family 6 Model 58 Stepping 9, GenuineIntel, USERPROFILE=C:\Users\KCH, TMP=C:\Users\KCH\AppData\Local\Temp, CommonProgramFiles(x86)=C:\Program Files (x86)\Common Files, ProgramFiles=C:\Program Files, PUBLIC=C:\Users\Public, NUMBER_OF_PROCESSORS=4, windir=C:\Windows, =::=::\, IDEA_INITIAL_DIRECTORY=C:\Program Files\JetBrains\IntelliJ IDEA 2021.1\bin}}]}
key = systemProperties value={sun.desktop=windows, awt.toolkit=sun.awt.windows.WToolkit, java.specification.version=11, sun.cpu.isalist=amd64, sun.jnu.encoding=MS949, org.gradle.test.worker=2, java.class.path=C:\Users\KCH\.gradle\caches\7.1.1\workerMain\gradle-worker.jar;C:\Users\KCH\Desktop\공부\스프링 핵심 원리\core\build\classes\java\test;C:\Users\KCH\Desktop\공부\스프링 핵심 원리\core\build\resources\test;C:\Users\KCH\Desktop\공부\스프링 핵심 원리\core\build\classes\java\main;C:\Users\KCH\Desktop\공부\스프링 핵심 원리\core\build\resources\main;C:\Users\KCH\.gradle\caches\modules-2\files-2.1\org.springframework.boot\spring-boot-starter-web\2.5.2\9d68318f6607728e253030aa145e529bae9b0883\spring-boot-starter-web-2.5.2.jar;C:\Users\KCH\.gradle\caches\modules-2\files-2.1\org.springframework.boot\spring-boot-starter-test\2.5.2\226e09262316b1ff101797346b2ca56432880353\spring-boot-starter-test-2.5.2.jar;C:\Users\KCH\.gradle\caches\modules-2\files-2.1\org.springframework.boot\spring-boot-starter-json\2.5.2\6af2e2d4fcf02fcda700dbbcd4643e78d31bcc8c\spring-boot-starter-json-2.5.2.jar;C:\Users\KCH\.gradle\caches\modules-2\files-2.1\org.springframework.boot\spring-boot-starter\2.5.2\5aa5345f60cd3fbca331c05015e0700553448d66\spring-boot-starter-2.5.2.jar;C:\Users\KCH\.gradle\caches\modules-2\files-2.1\javax.inject\javax.inject\1\6975da39a7040257bd51d21a231b76c915872d38\javax.inject-1.jar;C:\Users\KCH\.gradle\caches\modules-2\files-2.1\org.springframework.boot\spring-boot-test-autoconfigure\2.5.2\223f1311f59eecfd24980f9776bb39e1fef92c0e\spring-boot-test-autoconfigure-2.5.2.jar;C:\Users\KCH\.gradle\caches\modules-2\files-2.1\org.springframework.boot\spring-boot-autoconfigure\2.5.2\aa924c5d0d375f4b2b66f211704c24d40a7e647b\spring-boot-autoconfigure-2.5.2.jar;C:\Users\KCH\.gradle\caches\modules-2\files-2.1\org.springframework.boot\spring-boot-test\2.5.2\477509ac730e2fb8fe67c0d9f2d0bca21c4316df\spring-boot-test-2.5.2.jar;C:\Users\KCH\.gradle\caches\modules-2\files-2.1\org.springframework.boot\spring-boot\2.5.2\bd6dc87b5ad870dbf635d0c7d9a3006666c9e797\spring-boot-2.5.2.jar;C:\Users\KCH\.gradle\caches\modules-2\files-2.1\org.springframework.boot\spring-boot-starter-logging\2.5.2\8b94a1e350f68f8c3a7de6460e5691a84c8c157d\spring-boot-starter-logging-2.5.2.jar;C:\Users\KCH\.gradle\caches\modules-2\files-2.1\org.springframework.boot\spring-boot-starter-tomcat\2.5.2\ed7d2ef9efef6145bdc8c9c4dd1790f51673f27d\spring-boot-starter-tomcat-2.5.2.jar;C:\Users\KCH\.gradle\caches\modules-2\files-2.1\jakarta.annotation\jakarta.annotation-api\1.3.5\59eb84ee0d616332ff44aba065f3888cf002cd2d\jakarta.annotation-api-1.3.5.jar;C:\Users\KCH\.gradle\caches\modules-2\files-2.1\org.springframework\spring-webmvc\5.3.8\2cfa5e12bf103e2c82db78ce198e455dab456465\spring-webmvc-5.3.8.jar;C:\Users\KCH\.gradle\caches\modules-2\files-2.1\org.springframework\spring-web\5.3.8\daa288e67b0f2e09a033500d5ce8406677c5045c\spring-web-5.3.8.jar;C:\Users\KCH\.gradle\caches\modules-2\files-2.1\org.springframework\spring-test\5.3.8\4ce3ee7725d4ecd13b5c52d67bb0a76173f8a34d\spring-test-5.3.8.jar;C:\Users\KCH\.gradle\caches\modules-2\files-2.1\org.springframework\spring-context\5.3.8\c367a05423e963c222e38a6a88b97d44de3880ca\spring-context-5.3.8.jar;C:\Users\KCH\.gradle\caches\modules-2\files-2.1\org.springframework\spring-aop\5.3.8\1377f80f938b1fc7eabe9e6c4f6895e77e3bec40\spring-aop-5.3.8.jar;C:\Users\KCH\.gradle\caches\modules-2\files-2.1\org.springframework\spring-beans\5.3.8\3d66fed1eebfcd119efcabc6218c813700a21ed\spring-beans-5.3.8.jar;C:\Users\KCH\.gradle\caches\modules-2\files-2.1\org.springframework\spring-expression\5.3.8\8a14547b76cbae3aeb02739e5b38e71835a6bbd8\spring-expression-5.3.8.jar;C:\Users\KCH\.gradle\caches\modules-2\files-2.1\org.springframework\spring-core\5.3.8\da9b87dacaa5bbf80fad0f7b483988372a00a152\spring-core-5.3.8.jar;C:\Users\KCH\.gradle\caches\modules-2\files-2.1\org.yaml\snakeyaml\1.28\7cae037c3014350c923776548e71c9feb7a69259\snakeyaml-1.28.jar;C:\Users\KCH\.gradle\caches\modules-2\files-2.1\com.jayway.jsonpath\json-path\2.5.0\c35ef29095125b51638d19120f63e2b56eff20e9\json-path-2.5.0.jar;C:\Users\KCH\.gradle\caches\modules-2\files-2.1\jakarta.xml.bind\jakarta.xml.bind-api\2.3.3\48e3b9cfc10752fba3521d6511f4165bea951801\jakarta.xml.bind-api-2.3.3.jar;C:\Users\KCH\.gradle\caches\modules-2\files-2.1\org.assertj\assertj-core\3.19.0\f64cb5690b85e68d5e1e6c6152bfb6e3840a452d\assertj-core-3.19.0.jar;C:\Users\KCH\.gradle\caches\modules-2\files-2.1\org.hamcrest\hamcrest\2.2\1820c0968dba3a11a1b30669bb1f01978a91dedc\hamcrest-2.2.jar;C:\Users\KCH\.gradle\caches\modules-2\files-2.1\org.mockito\mockito-junit-jupiter\3.9.0\871745ab6af5a269411ea3c1f99ced82ed079436\mockito-junit-jupiter-3.9.0.jar;C:\Users\KCH\.gradle\caches\modules-2\files-2.1\org.junit.jupiter\junit-jupiter-params\5.7.2\685f832f8c54dd40100f646d61aca88ed9545421\junit-jupiter-params-5.7.2.jar;C:\Users\KCH\.gradle\caches\modules-2\files-2.1\org.junit.jupiter\junit-jupiter-engine\5.7.2\9415680a889f00b8205a094c5c487bc69dc7077d\junit-jupiter-engine-5.7.2.jar;C:\Users\KCH\.gradle\caches\modules-2\files-2.1\org.junit.jupiter\junit-jupiter-api\5.7.2\f4b4079732a9c537983324cfa4e46655f21d2c56\junit-jupiter-api-5.7.2.jar;C:\Users\KCH\.gradle\caches\modules-2\files-2.1\org.junit.platform\junit-platform-engine\1.7.2\2573770b46b8a199ed5f6b0f96fb99e468bfe891\junit-platform-engine-1.7.2.jar;C:\Users\KCH\.gradle\caches\modules-2\files-2.1\org.junit.platform\junit-platform-commons\1.7.2\34adfea6c13fc4a996cf38cdad80800ce850d198\junit-platform-commons-1.7.2.jar;C:\Users\KCH\.gradle\caches\modules-2\files-2.1\org.junit.jupiter\junit-jupiter\5.7.2\62faa742964a9d8dab8fdb4a0eab7b01441c171f\junit-jupiter-5.7.2.jar;C:\Users\KCH\.gradle\caches\modules-2\files-2.1\org.mockito\mockito-core\3.9.0\b7573430aea743b26434b44f4f46272af613e660\mockito-core-3.9.0.jar;C:\Users\KCH\.gradle\caches\modules-2\files-2.1\org.skyscreamer\jsonassert\1.5.0\6c9d5fe2f59da598d9aefc1cfc6528ff3cf32df3\jsonassert-1.5.0.jar;C:\Users\KCH\.gradle\caches\modules-2\files-2.1\org.xmlunit\xmlunit-core\2.8.2\8e4e46b87afaaf9b6cfb8de778e473cf7aeb087f\xmlunit-core-2.8.2.jar;C:\Users\KCH\.gradle\caches\modules-2\files-2.1\ch.qos.logback\logback-classic\1.2.3\7c4f3c474fb2c041d8028740440937705ebb473a\logback-classic-1.2.3.jar;C:\Users\KCH\.gradle\caches\modules-2\files-2.1\org.apache.logging.log4j\log4j-to-slf4j\2.14.1\ce8a86a3f50a4304749828ce68e7478cafbc8039\log4j-to-slf4j-2.14.1.jar;C:\Users\KCH\.gradle\caches\modules-2\files-2.1\org.slf4j\jul-to-slf4j\1.7.31\f9ff62d83a25a94c1619de06d4015e2797bc849c\jul-to-slf4j-1.7.31.jar;C:\Users\KCH\.gradle\caches\modules-2\files-2.1\org.springframework\spring-jcl\5.3.8\a143c8618eb2be8674c3cf132d9a5c953bb5488\spring-jcl-5.3.8.jar;C:\Users\KCH\.gradle\caches\modules-2\files-2.1\com.fasterxml.jackson.datatype\jackson-datatype-jsr310\2.12.3\f69c636438dcf19c49960c1fe8901320ab85f989\jackson-datatype-jsr310-2.12.3.jar;C:\Users\KCH\.gradle\caches\modules-2\files-2.1\com.fasterxml.jackson.module\jackson-module-parameter-names\2.12.3\592a882beaf1bd57b8fe960b937a2706b090b4d7\jackson-module-parameter-names-2.12.3.jar;C:\Users\KCH\.gradle\caches\modules-2\files-2.1\com.fasterxml.jackson.core\jackson-annotations\2.12.3\7275513412694a1aafd08c0287f48469fa0e6e17\jackson-annotations-2.12.3.jar;C:\Users\KCH\.gradle\caches\modules-2\files-2.1\com.fasterxml.jackson.core\jackson-core\2.12.3\deb23fe2a7f2b773e18ced2b50d4acc1df8fa366\jackson-core-2.12.3.jar;C:\Users\KCH\.gradle\caches\modules-2\files-2.1\com.fasterxml.jackson.datatype\jackson-datatype-jdk8\2.12.3\77424ea087313312e308dae5ff8445608aabb5e1\jackson-datatype-jdk8-2.12.3.jar;C:\Users\KCH\.gradle\caches\modules-2\files-2.1\com.fasterxml.jackson.core\jackson-databind\2.12.3\d6153f8fc60c479ab0f9efb35c034526436a4953\jackson-databind-2.12.3.jar;C:\Users\KCH\.gradle\caches\modules-2\files-2.1\org.apache.tomcat.embed\tomcat-embed-websocket\9.0.48\a34e3133ec3d61f4c2faa30476c4b43cc6385dd6\tomcat-embed-websocket-9.0.48.jar;C:\Users\KCH\.gradle\caches\modules-2\files-2.1\org.apache.tomcat.embed\tomcat-embed-core\9.0.48\f112cd2380d8215e22ac40aff128a1b6daa2f0ac\tomcat-embed-core-9.0.48.jar;C:\Users\KCH\.gradle\caches\modules-2\files-2.1\org.apache.tomcat.embed\tomcat-embed-el\9.0.48\c46a092831493ccf65674cb19235625853ceb3d4\tomcat-embed-el-9.0.48.jar;C:\Users\KCH\.gradle\caches\modules-2\files-2.1\net.minidev\json-smart\2.4.7\8d7f4c1530c07c54930935f3da85f48b83b3c109\json-smart-2.4.7.jar;C:\Users\KCH\.gradle\caches\modules-2\files-2.1\org.slf4j\slf4j-api\1.7.31\9545c9cb71de4c18d97a91e32ef0be6f3f6661b7\slf4j-api-1.7.31.jar;C:\Users\KCH\.gradle\caches\modules-2\files-2.1\jakarta.activation\jakarta.activation-api\1.2.2\99f53adba383cb1bf7c3862844488574b559621f\jakarta.activation-api-1.2.2.jar;C:\Users\KCH\.gradle\caches\modules-2\files-2.1\net.bytebuddy\byte-buddy\1.10.22\ef45d7e2cd1c600d279704f492ed5ce2ceb6cdb5\byte-buddy-1.10.22.jar;C:\Users\KCH\.gradle\caches\modules-2\files-2.1\net.bytebuddy\byte-buddy-agent\1.10.22\b01df6b71a882b9fde5a608a26e641cd399a4d83\byte-buddy-agent-1.10.22.jar;C:\Users\KCH\.gradle\caches\modules-2\files-2.1\org.objenesis\objenesis\3.2\7fadf57620c8b8abdf7519533e5527367cb51f09\objenesis-3.2.jar;C:\Users\KCH\.gradle\caches\modules-2\files-2.1\com.vaadin.external.google\android-json\0.0.20131108.vaadin1\fa26d351fe62a6a17f5cda1287c1c6110dec413f\android-json-0.0.20131108.vaadin1.jar;C:\Users\KCH\.gradle\caches\modules-2\files-2.1\ch.qos.logback\logback-core\1.2.3\864344400c3d4d92dfeb0a305dc87d953677c03c\logback-core-1.2.3.jar;C:\Users\KCH\.gradle\caches\modules-2\files-2.1\org.apache.logging.log4j\log4j-api\2.14.1\cd8858fbbde69f46bce8db1152c18a43328aae78\log4j-api-2.14.1.jar;C:\Users\KCH\.gradle\caches\modules-2\files-2.1\net.minidev\accessors-smart\2.4.7\3970cfc505e6657ca60f3aa57c849f6043000d7a\accessors-smart-2.4.7.jar;C:\Users\KCH\.gradle\caches\modules-2\files-2.1\org.apiguardian\apiguardian-api\1.1.0\fc9dff4bb36d627bdc553de77e1f17efd790876c\apiguardian-api-1.1.0.jar;C:\Users\KCH\.gradle\caches\modules-2\files-2.1\org.opentest4j\opentest4j\1.2.0\28c11eb91f9b6d8e200631d46e20a7f407f2a046\opentest4j-1.2.0.jar;C:\Users\KCH\.gradle\caches\modules-2\files-2.1\org.ow2.asm\asm\9.1\a99500cf6eea30535eeac6be73899d048f8d12a8\asm-9.1.jar, java.vm.vendor=Oracle Corporation, sun.arch.data.model=64, user.variant=, java.vendor.url=https://openjdk.java.net/, user.timezone=Asia/Seoul, os.name=Windows 10, java.vm.specification.version=11, user.country=KR, sun.java.launcher=SUN_STANDARD, sun.boot.library.path=C:\Program Files\Java\jdk-11.0.11\bin, sun.java.command=worker.org.gradle.process.internal.worker.GradleWorkerMain 'Gradle Test Executor 2', jdk.debug=release, sun.cpu.endian=little, user.home=C:\Users\KCH, user.language=ko, java.specification.vendor=Oracle Corporation, org.gradle.native=false, java.version.date=2021-04-20, java.home=C:\Program Files\Java\jdk-11.0.11, file.separator=\, java.vm.compressedOopsMode=32-bit, line.separator=
, java.specification.name=Java Platform API Specification, java.vm.specification.vendor=Oracle Corporation, java.awt.graphicsenv=sun.awt.Win32GraphicsEnvironment, user.script=, sun.management.compiler=HotSpot 64-Bit Tiered Compilers, java.runtime.version=11.0.11+9-LTS-194, user.name=KCH, path.separator=;, os.version=10.0, java.runtime.name=Java(TM) SE Runtime Environment, file.encoding=x-windows-949, java.vm.name=Java HotSpot(TM) 64-Bit Server VM, java.vendor.version=18.9, java.vendor.url.bug=https://bugreport.java.com/bugreport/, java.io.tmpdir=C:\Users\KCH\AppData\Local\Temp\, java.version=11.0.11, user.dir=C:\Users\KCH\Desktop\공부\스프링 핵심 원리\core, os.arch=amd64, java.vm.specification.name=Java Virtual Machine Specification, java.awt.printerjob=sun.awt.windows.WPrinterJob, sun.os.patch.level=, org.gradle.internal.worker.tmpdir=C:\Users\KCH\Desktop\공부\스프링 핵심 원리\core\build\tmp\test\work, java.library.path=C:\Program Files\Java\jdk-11.0.11\bin;C:\Windows\Sun\Java\bin;C:\Windows\system32;C:\Windows;C:\Program Files (x86)\VMware\VMware Player\bin\;C:\Windows\system32;C:\Windows;C:\Windows\System32\Wbem;C:\Windows\System32\WindowsPowerShell\v1.0\;C:\Windows\System32\OpenSSH\;C:\Program Files\nodejs\;C:\Program Files\Git\cmd;C:\Program Files\Java\jdk-11.0.11\bin;C:\MinGW\bin;C:\Program Files (x86)\PuTTY\;C:\Users\KCH\AppData\Local\Microsoft\WindowsApps;C:\Program Files\Bandizip\;C:\Users\KCH\AppData\Local\Programs\Microsoft VS Code\bin;C:\Users\KCH\AppData\Roaming\npm;C:\Program Files\JetBrains\PyCharm 2021.1.1\bin;;C:\Program Files\JetBrains\IntelliJ IDEA 2021.1\bin;;., java.vendor=Oracle Corporation, java.vm.info=mixed mode, java.vm.version=11.0.11+9-LTS-194, sun.io.unicode.encoding=UnicodeLittle, java.class.version=55.0}
key = systemEnvironment value={USERDOMAIN_ROAMINGPROFILE=DESKTOP-R9L8NIQ, LOCALAPPDATA=C:\Users\KCH\AppData\Local, PROCESSOR_LEVEL=6, IntelliJ IDEA=C:\Program Files\JetBrains\IntelliJ IDEA 2021.1\bin;, USERDOMAIN=DESKTOP-R9L8NIQ, FPS_BROWSER_APP_PROFILE_STRING=Internet Explorer, LOGONSERVER=\\DESKTOP-R9L8NIQ, JAVA_HOME=C:\Program Files\Java\jdk-11.0.11, SESSIONNAME=Console, ALLUSERSPROFILE=C:\ProgramData, PROCESSOR_ARCHITECTURE=AMD64, PSModulePath=C:\Program Files\WindowsPowerShell\Modules;C:\Windows\system32\WindowsPowerShell\v1.0\Modules, SystemDrive=C:, OneDrive=C:\Users\KCH\OneDrive, APPDATA=C:\Users\KCH\AppData\Roaming, USERNAME=KCH, ProgramFiles(x86)=C:\Program Files (x86), VBOX_MSI_INSTALL_PATH=C:\Program Files\Oracle\VirtualBox\, CommonProgramFiles=C:\Program Files\Common Files, Path=C:\Program Files (x86)\VMware\VMware Player\bin\;C:\Windows\system32;C:\Windows;C:\Windows\System32\Wbem;C:\Windows\System32\WindowsPowerShell\v1.0\;C:\Windows\System32\OpenSSH\;C:\Program Files\nodejs\;C:\Program Files\Git\cmd;C:\Program Files\Java\jdk-11.0.11\bin;C:\MinGW\bin;C:\Program Files (x86)\PuTTY\;C:\Users\KCH\AppData\Local\Microsoft\WindowsApps;C:\Program Files\Bandizip\;C:\Users\KCH\AppData\Local\Programs\Microsoft VS Code\bin;C:\Users\KCH\AppData\Roaming\npm;C:\Program Files\JetBrains\PyCharm 2021.1.1\bin;;C:\Program Files\JetBrains\IntelliJ IDEA 2021.1\bin;, FPS_BROWSER_USER_PROFILE_STRING=Default, PATHEXT=.COM;.EXE;.BAT;.CMD;.VBS;.VBE;.JS;.JSE;.WSF;.WSH;.MSC, PyCharm=C:\Program Files\JetBrains\PyCharm 2021.1.1\bin;, DriverData=C:\Windows\System32\Drivers\DriverData, OS=Windows_NT, COMPUTERNAME=DESKTOP-R9L8NIQ, PROCESSOR_REVISION=3a09, CommonProgramW6432=C:\Program Files\Common Files, ComSpec=C:\Windows\system32\cmd.exe, ProgramData=C:\ProgramData, ProgramW6432=C:\Program Files, HOMEPATH=\Users\KCH, SystemRoot=C:\Windows, TEMP=C:\Users\KCH\AppData\Local\Temp, HOMEDRIVE=C:, PROCESSOR_IDENTIFIER=Intel64 Family 6 Model 58 Stepping 9, GenuineIntel, USERPROFILE=C:\Users\KCH, TMP=C:\Users\KCH\AppData\Local\Temp, CommonProgramFiles(x86)=C:\Program Files (x86)\Common Files, ProgramFiles=C:\Program Files, PUBLIC=C:\Users\Public, NUMBER_OF_PROCESSORS=4, windir=C:\Windows, =::=::\, IDEA_INITIAL_DIRECTORY=C:\Program Files\JetBrains\IntelliJ IDEA 2021.1\bin}
key = applicationStartup value=org.springframework.core.metrics.DefaultApplicationStartup@652aaf5e
key = org.springframework.context.annotation.ConfigurationClassPostProcessor.importRegistry value=[]
key = messageSource value=Empty MessageSource
key = applicationEventMulticaster value=org.springframework.context.event.SimpleApplicationEventMulticaster@560965f3
key = lifecycleProcessor value=org.springframework.context.support.DefaultLifecycleProcessor@5fdb2375
22:05:27.010 [Test worker] DEBUG org.springframework.context.annotation.AnnotationConfigApplicationContext - Refreshing org.springframework.context.annotation.AnnotationConfigApplicationContext@fafa238
22:05:27.012 [Test worker] DEBUG org.springframework.beans.factory.support.DefaultListableBeanFactory - Creating shared instance of singleton bean 'org.springframework.context.annotation.internalConfigurationAnnotationProcessor'
22:05:27.022 [Test worker] DEBUG org.springframework.beans.factory.support.DefaultListableBeanFactory - Creating shared instance of singleton bean 'org.springframework.context.event.internalEventListenerProcessor'
22:05:27.023 [Test worker] DEBUG org.springframework.beans.factory.support.DefaultListableBeanFactory - Creating shared instance of singleton bean 'org.springframework.context.event.internalEventListenerFactory'
22:05:27.025 [Test worker] DEBUG org.springframework.beans.factory.support.DefaultListableBeanFactory - Creating shared instance of singleton bean 'org.springframework.context.annotation.internalAutowiredAnnotationProcessor'
22:05:27.025 [Test worker] DEBUG org.springframework.beans.factory.support.DefaultListableBeanFactory - Creating shared instance of singleton bean 'org.springframework.context.annotation.internalCommonAnnotationProcessor'
22:05:27.027 [Test worker] DEBUG org.springframework.beans.factory.support.DefaultListableBeanFactory - Creating shared instance of singleton bean 'applicationContextExtendsFindTest.TestConfig'
22:05:27.030 [Test worker] DEBUG org.springframework.beans.factory.support.DefaultListableBeanFactory - Creating shared instance of singleton bean 'rateDiscountPolicy'
22:05:27.031 [Test worker] DEBUG org.springframework.beans.factory.support.DefaultListableBeanFactory - Creating shared instance of singleton bean 'fixDiscountPolicy'
22:05:27.037 [Test worker] DEBUG org.springframework.context.annotation.AnnotationConfigApplicationContext - Refreshing org.springframework.context.annotation.AnnotationConfigApplicationContext@25892fe3
22:05:27.039 [Test worker] DEBUG org.springframework.beans.factory.support.DefaultListableBeanFactory - Creating shared instance of singleton bean 'org.springframework.context.annotation.internalConfigurationAnnotationProcessor'
22:05:27.086 [Test worker] DEBUG org.springframework.beans.factory.support.DefaultListableBeanFactory - Creating shared instance of singleton bean 'org.springframework.context.event.internalEventListenerProcessor'
22:05:27.090 [Test worker] DEBUG org.springframework.beans.factory.support.DefaultListableBeanFactory - Creating shared instance of singleton bean 'org.springframework.context.event.internalEventListenerFactory'
22:05:27.094 [Test worker] DEBUG org.springframework.beans.factory.support.DefaultListableBeanFactory - Creating shared instance of singleton bean 'org.springframework.context.annotation.internalAutowiredAnnotationProcessor'
22:05:27.094 [Test worker] DEBUG org.springframework.beans.factory.support.DefaultListableBeanFactory - Creating shared instance of singleton bean 'org.springframework.context.annotation.internalCommonAnnotationProcessor'
22:05:27.096 [Test worker] DEBUG org.springframework.beans.factory.support.DefaultListableBeanFactory - Creating shared instance of singleton bean 'applicationContextExtendsFindTest.TestConfig'
22:05:27.100 [Test worker] DEBUG org.springframework.beans.factory.support.DefaultListableBeanFactory - Creating shared instance of singleton bean 'rateDiscountPolicy'
22:05:27.102 [Test worker] DEBUG org.springframework.beans.factory.support.DefaultListableBeanFactory - Creating shared instance of singleton bean 'fixDiscountPolicy'
22:05:27.142 [Test worker] DEBUG org.springframework.context.annotation.AnnotationConfigApplicationContext - Refreshing org.springframework.context.annotation.AnnotationConfigApplicationContext@f6ae804
22:05:27.143 [Test worker] DEBUG org.springframework.beans.factory.support.DefaultListableBeanFactory - Creating shared instance of singleton bean 'org.springframework.context.annotation.internalConfigurationAnnotationProcessor'
22:05:27.147 [Test worker] DEBUG org.springframework.beans.factory.support.DefaultListableBeanFactory - Creating shared instance of singleton bean 'org.springframework.context.event.internalEventListenerProcessor'
22:05:27.149 [Test worker] DEBUG org.springframework.beans.factory.support.DefaultListableBeanFactory - Creating shared instance of singleton bean 'org.springframework.context.event.internalEventListenerFactory'
22:05:27.150 [Test worker] DEBUG org.springframework.beans.factory.support.DefaultListableBeanFactory - Creating shared instance of singleton bean 'org.springframework.context.annotation.internalAutowiredAnnotationProcessor'
22:05:27.151 [Test worker] DEBUG org.springframework.beans.factory.support.DefaultListableBeanFactory - Creating shared instance of singleton bean 'org.springframework.context.annotation.internalCommonAnnotationProcessor'
22:05:27.153 [Test worker] DEBUG org.springframework.beans.factory.support.DefaultListableBeanFactory - Creating shared instance of singleton bean 'applicationContextExtendsFindTest.TestConfig'
22:05:27.154 [Test worker] DEBUG org.springframework.beans.factory.support.DefaultListableBeanFactory - Creating shared instance of singleton bean 'rateDiscountPolicy'
22:05:27.157 [Test worker] DEBUG org.springframework.beans.factory.support.DefaultListableBeanFactory - Creating shared instance of singleton bean 'fixDiscountPolicy'
key = rateDiscountPolicy value=hello.core.discount.RateDiscountPolicy@51fe379a
key = fixDiscountPolicy value=hello.core.discount.FixDiscountPolicy@72d80a18
]]></system-out>
  <system-err><![CDATA[]]></system-err>
</testsuite>
